Connecting to database specified by database.yml
  [1m[36m (0.2ms)[0m  [1mselect sqlite_version(*)[0m
  [1m[35m (40.2ms)[0m  CREATE TABLE "schema_migrations" ("version" varchar(255) NOT NULL) 
  [1m[36m (25.7ms)[0m  [1mCREATE UNIQUE INDEX "unique_schema_migrations" ON "schema_migrations" ("version")[0m
  [1m[35m (6.2ms)[0m  SELECT "schema_migrations"."version" FROM "schema_migrations" 
Migrating to CreateMovies (20111119180638)
  [1m[36m (0.1ms)[0m  [1mbegin transaction[0m
  [1m[35m (1.1ms)[0m  CREATE TABLE "movies" ("id" INTEGER PRIMARY KEY AUTOINCREMENT NOT NULL, "title" varchar(255), "rating" varchar(255), "description" text, "release_date" datetime, "created_at" datetime NOT NULL, "updated_at" datetime NOT NULL) 
  [1m[36m (0.4ms)[0m  [1mINSERT INTO "schema_migrations" ("version") VALUES ('20111119180638')[0m
  [1m[35m (39.5ms)[0m  commit transaction
  [1m[36m (0.2ms)[0m  [1mSELECT "schema_migrations"."version" FROM "schema_migrations" [0m
Connecting to database specified by database.yml
  [1m[36m (8.7ms)[0m  [1mSELECT "schema_migrations"."version" FROM "schema_migrations" [0m
  [1m[35m (0.1ms)[0m  begin transaction
  [1m[36mSQL (11.2ms)[0m  [1mINSERT INTO "movies" ("created_at", "description", "rating", "release_date", "title", "updated_at") VALUES (?, ?, ?, ?, ?, ?)[0m  [["created_at", Sun, 19 Oct 2014 19:35:05 UTC +00:00], ["description", nil], ["rating", "G"], ["release_date", Wed, 25 Nov 1992 00:00:00 UTC +00:00], ["title", "Aladdin"], ["updated_at", Sun, 19 Oct 2014 19:35:05 UTC +00:00]]
  [1m[35m (62.4ms)[0m  commit transaction
  [1m[36m (0.1ms)[0m  [1mbegin transaction[0m
  [1m[35mSQL (1.6ms)[0m  INSERT INTO "movies" ("created_at", "description", "rating", "release_date", "title", "updated_at") VALUES (?, ?, ?, ?, ?, ?)  [["created_at", Sun, 19 Oct 2014 19:35:06 UTC +00:00], ["description", nil], ["rating", "R"], ["release_date", Fri, 26 Oct 1984 00:00:00 UTC +00:00], ["title", "The Terminator"], ["updated_at", Sun, 19 Oct 2014 19:35:06 UTC +00:00]]
  [1m[36m (23.7ms)[0m  [1mcommit transaction[0m
  [1m[35m (0.1ms)[0m  begin transaction
  [1m[36mSQL (2.0ms)[0m  [1mINSERT INTO "movies" ("created_at", "description", "rating", "release_date", "title", "updated_at") VALUES (?, ?, ?, ?, ?, ?)[0m  [["created_at", Sun, 19 Oct 2014 19:35:06 UTC +00:00], ["description", nil], ["rating", "R"], ["release_date", Fri, 21 Jul 1989 00:00:00 UTC +00:00], ["title", "When Harry Met Sally"], ["updated_at", Sun, 19 Oct 2014 19:35:06 UTC +00:00]]
  [1m[35m (22.5ms)[0m  commit transaction
  [1m[36m (0.1ms)[0m  [1mbegin transaction[0m
  [1m[35mSQL (1.1ms)[0m  INSERT INTO "movies" ("created_at", "description", "rating", "release_date", "title", "updated_at") VALUES (?, ?, ?, ?, ?, ?)  [["created_at", Sun, 19 Oct 2014 19:35:06 UTC +00:00], ["description", nil], ["rating", "PG-13"], ["release_date", Wed, 10 Aug 2011 00:00:00 UTC +00:00], ["title", "The Help"], ["updated_at", Sun, 19 Oct 2014 19:35:06 UTC +00:00]]
  [1m[36m (31.1ms)[0m  [1mcommit transaction[0m
  [1m[35m (0.1ms)[0m  begin transaction
  [1m[36mSQL (0.9ms)[0m  [1mINSERT INTO "movies" ("created_at", "description", "rating", "release_date", "title", "updated_at") VALUES (?, ?, ?, ?, ?, ?)[0m  [["created_at", Sun, 19 Oct 2014 19:35:06 UTC +00:00], ["description", nil], ["rating", "PG-13"], ["release_date", Fri, 05 Jan 2001 00:00:00 UTC +00:00], ["title", "Chocolat"], ["updated_at", Sun, 19 Oct 2014 19:35:06 UTC +00:00]]
  [1m[35m (29.7ms)[0m  commit transaction
  [1m[36m (0.1ms)[0m  [1mbegin transaction[0m
  [1m[35mSQL (1.8ms)[0m  INSERT INTO "movies" ("created_at", "description", "rating", "release_date", "title", "updated_at") VALUES (?, ?, ?, ?, ?, ?)  [["created_at", Sun, 19 Oct 2014 19:35:06 UTC +00:00], ["description", nil], ["rating", "R"], ["release_date", Wed, 25 Apr 2001 00:00:00 UTC +00:00], ["title", "Amelie"], ["updated_at", Sun, 19 Oct 2014 19:35:06 UTC +00:00]]
  [1m[36m (21.4ms)[0m  [1mcommit transaction[0m
  [1m[35m (0.1ms)[0m  begin transaction
  [1m[36mSQL (1.2ms)[0m  [1mINSERT INTO "movies" ("created_at", "description", "rating", "release_date", "title", "updated_at") VALUES (?, ?, ?, ?, ?, ?)[0m  [["created_at", Sun, 19 Oct 2014 19:35:06 UTC +00:00], ["description", nil], ["rating", "G"], ["release_date", Sat, 06 Apr 1968 00:00:00 UTC +00:00], ["title", "2001: A Space Odyssey"], ["updated_at", Sun, 19 Oct 2014 19:35:06 UTC +00:00]]
  [1m[35m (30.0ms)[0m  commit transaction
  [1m[36m (0.1ms)[0m  [1mbegin transaction[0m
  [1m[35mSQL (4.1ms)[0m  INSERT INTO "movies" ("created_at", "description", "rating", "release_date", "title", "updated_at") VALUES (?, ?, ?, ?, ?, ?)  [["created_at", Sun, 19 Oct 2014 19:35:06 UTC +00:00], ["description", nil], ["rating", "PG"], ["release_date", Fri, 05 Nov 2004 00:00:00 UTC +00:00], ["title", "The Incredibles"], ["updated_at", Sun, 19 Oct 2014 19:35:06 UTC +00:00]]
  [1m[36m (27.5ms)[0m  [1mcommit transaction[0m
  [1m[35m (0.1ms)[0m  begin transaction
  [1m[36mSQL (1.9ms)[0m  [1mINSERT INTO "movies" ("created_at", "description", "rating", "release_date", "title", "updated_at") VALUES (?, ?, ?, ?, ?, ?)[0m  [["created_at", Sun, 19 Oct 2014 19:35:06 UTC +00:00], ["description", nil], ["rating", "PG"], ["release_date", Fri, 12 Jun 1981 00:00:00 UTC +00:00], ["title", "Raiders of the Lost Ark"], ["updated_at", Sun, 19 Oct 2014 19:35:06 UTC +00:00]]
  [1m[35m (25.5ms)[0m  commit transaction
  [1m[36m (0.1ms)[0m  [1mbegin transaction[0m
  [1m[35mSQL (1.2ms)[0m  INSERT INTO "movies" ("created_at", "description", "rating", "release_date", "title", "updated_at") VALUES (?, ?, ?, ?, ?, ?)  [["created_at", Sun, 19 Oct 2014 19:35:06 UTC +00:00], ["description", nil], ["rating", "G"], ["release_date", Wed, 21 Jun 2000 00:00:00 UTC +00:00], ["title", "Chicken Run"], ["updated_at", Sun, 19 Oct 2014 19:35:06 UTC +00:00]]
  [1m[36m (20.0ms)[0m  [1mcommit transaction[0m


Started GET "/assets/rails.png" for 127.0.0.1 at 2014-10-19 16:35:39 -0300
Connecting to database specified by database.yml
Served asset /rails.png - 200 OK (66ms)


Started GET "/movies" for 127.0.0.1 at 2014-10-19 16:35:47 -0300
Processing by MoviesController#index as HTML
  [1m[36mMovie Load (0.5ms)[0m  [1mSELECT "movies".* FROM "movies" [0m
  Rendered movies/index.html.haml within layouts/application (81.6ms)
Compiled application.css  (0ms)  (pid 8378)
Compiled jquery.js  (27ms)  (pid 8378)
Compiled jquery_ujs.js  (2ms)  (pid 8378)
Compiled application.js  (271ms)  (pid 8378)
Completed 200 OK in 786.8ms (Views: 558.1ms | ActiveRecord: 42.9ms)


Started GET "/assets/application.css?body=1" for 127.0.0.1 at 2014-10-19 16:35:48 -0300
Served asset /application.css - 304 Not Modified (12ms)


Started GET "/assets/jquery_ujs.js?body=1" for 127.0.0.1 at 2014-10-19 16:35:48 -0300
Served asset /jquery_ujs.js - 200 OK (30ms)


Started GET "/assets/application.js?body=1" for 127.0.0.1 at 2014-10-19 16:35:48 -0300
Served asset /application.js - 304 Not Modified (85ms)


Started GET "/assets/jquery.js?body=1" for 127.0.0.1 at 2014-10-19 16:35:48 -0300
Served asset /jquery.js - 200 OK (198ms)


Started GET "/movie" for 127.0.0.1 at 2014-10-19 16:41:37 -0300
Connecting to database specified by database.yml

ActionController::RoutingError (No route matches [GET] "/movie"):
  actionpack (3.2.18) lib/action_dispatch/middleware/debug_exceptions.rb:21:in `call'
  actionpack (3.2.18) lib/action_dispatch/middleware/show_exceptions.rb:56:in `call'
  railties (3.2.18) lib/rails/rack/logger.rb:32:in `call_app'
  railties (3.2.18) lib/rails/rack/logger.rb:16:in `block in call'
  activesupport (3.2.18) lib/active_support/tagged_logging.rb:22:in `tagged'
  railties (3.2.18) lib/rails/rack/logger.rb:16:in `call'
  actionpack (3.2.18) lib/action_dispatch/middleware/request_id.rb:22:in `call'
  rack (1.4.5) lib/rack/methodoverride.rb:21:in `call'
  rack (1.4.5) lib/rack/runtime.rb:17:in `call'
  activesupport (3.2.18) lib/active_support/cache/strategy/local_cache.rb:72:in `call'
  rack (1.4.5) lib/rack/lock.rb:15:in `call'
  actionpack (3.2.18) lib/action_dispatch/middleware/static.rb:63:in `call'
  railties (3.2.18) lib/rails/engine.rb:484:in `call'
  railties (3.2.18) lib/rails/application.rb:231:in `call'
  rack (1.4.5) lib/rack/content_length.rb:14:in `call'
  railties (3.2.18) lib/rails/rack/log_tailer.rb:17:in `call'
  rack (1.4.5) lib/rack/handler/webrick.rb:59:in `service'
  /home/saasbook/.rvm/rubies/ruby-1.9.3-p448/lib/ruby/1.9.1/webrick/httpserver.rb:138:in `service'
  /home/saasbook/.rvm/rubies/ruby-1.9.3-p448/lib/ruby/1.9.1/webrick/httpserver.rb:94:in `run'
  /home/saasbook/.rvm/rubies/ruby-1.9.3-p448/lib/ruby/1.9.1/webrick/server.rb:191:in `block in start_thread'


  Rendered /home/saasbook/.rvm/gems/ruby-1.9.3-p448/gems/actionpack-3.2.18/lib/action_dispatch/middleware/templates/rescues/routing_error.erb within rescues/layout (117.6ms)


Started GET "/movies" for 127.0.0.1 at 2014-10-19 16:49:55 -0300
Connecting to database specified by database.yml
Processing by MoviesController#index as HTML
  [1m[36mMovie Load (0.4ms)[0m  [1mSELECT "movies".* FROM "movies" [0m
  Rendered movies/index.html.haml within layouts/application (112.3ms)
Completed 200 OK in 464.6ms (Views: 257.5ms | ActiveRecord: 11.9ms)


Started GET "/assets/application.css?body=1" for 127.0.0.1 at 2014-10-19 16:49:58 -0300
Served asset /application.css - 200 OK (38ms)


Started GET "/assets/jquery.js?body=1" for 127.0.0.1 at 2014-10-19 16:49:58 -0300
Served asset /jquery.js - 200 OK (27ms)


Started GET "/assets/application.js?body=1" for 127.0.0.1 at 2014-10-19 16:49:58 -0300
Served asset /application.js - 304 Not Modified (102ms)


Started GET "/assets/jquery_ujs.js?body=1" for 127.0.0.1 at 2014-10-19 16:49:58 -0300
Served asset /jquery_ujs.js - 200 OK (29ms)


Started GET "/movies" for 127.0.0.1 at 2014-10-19 16:54:05 -0300
Processing by MoviesController#index as HTML
  [1m[35mMovie Load (0.5ms)[0m  SELECT "movies".* FROM "movies" 
  Rendered movies/index.html.haml within layouts/application (30.5ms)
Compiled application.css  (0ms)  (pid 10015)
Completed 200 OK in 175.5ms (Views: 151.1ms | ActiveRecord: 0.5ms)


Started GET "/assets/application.css?body=1" for 127.0.0.1 at 2014-10-19 16:54:06 -0300
Served asset /application.css - 200 OK (63ms)


Started GET "/assets/jquery.js?body=1" for 127.0.0.1 at 2014-10-19 16:54:06 -0300
Served asset /jquery.js - 304 Not Modified (13ms)


Started GET "/assets/application.js?body=1" for 127.0.0.1 at 2014-10-19 16:54:06 -0300
Served asset /application.js - 304 Not Modified (14ms)


Started GET "/assets/jquery_ujs.js?body=1" for 127.0.0.1 at 2014-10-19 16:54:06 -0300
Served asset /jquery_ujs.js - 304 Not Modified (0ms)


Started GET "/movies/4" for 127.0.0.1 at 2014-10-19 16:54:18 -0300
Processing by MoviesController#show as HTML
  Parameters: {"id"=>"4"}
  [1m[36mMovie Load (3.6ms)[0m  [1mSELECT "movies".* FROM "movies" WHERE "movies"."id" = ? LIMIT 1[0m  [["id", "4"]]
  Rendered movies/show.html.haml within layouts/application (31.6ms)
Completed 200 OK in 125.3ms (Views: 108.2ms | ActiveRecord: 3.6ms)


Started GET "/assets/application.css?body=1" for 127.0.0.1 at 2014-10-19 16:54:19 -0300
Served asset /application.css - 304 Not Modified (17ms)


Started GET "/assets/jquery.js?body=1" for 127.0.0.1 at 2014-10-19 16:54:19 -0300
Served asset /jquery.js - 304 Not Modified (16ms)


Started GET "/assets/application.js?body=1" for 127.0.0.1 at 2014-10-19 16:54:19 -0300
Served asset /application.js - 304 Not Modified (21ms)


Started GET "/assets/jquery_ujs.js?body=1" for 127.0.0.1 at 2014-10-19 16:54:19 -0300
Served asset /jquery_ujs.js - 304 Not Modified (8ms)


Started GET "/movies" for 127.0.0.1 at 2014-10-19 17:03:24 -0300
Processing by MoviesController#index as HTML
  [1m[35mMovie Load (0.4ms)[0m  SELECT "movies".* FROM "movies" 
  Rendered movies/index.html.haml within layouts/application (45.4ms)
Completed 500 Internal Server Error in 64.1ms

ActionView::Template::Error (Inconsistent indentation: 1 tab used for indentation, but the rest of the document was indented using 2 spaces.):
    5:   %thead
    6:     %tr
    7:       %th 
    8: 	=link_to 'Movie Title', movies_path(:sort_by => :title), :id => :title_header
    9:       %th Rating
    10: 
    11:       %th Release Date
  app/views/movies/index.html.haml:8


  Rendered /home/saasbook/.rvm/gems/ruby-1.9.3-p448/gems/actionpack-3.2.18/lib/action_dispatch/middleware/templates/rescues/_trace.erb (2.8ms)
  Rendered /home/saasbook/.rvm/gems/ruby-1.9.3-p448/gems/actionpack-3.2.18/lib/action_dispatch/middleware/templates/rescues/_request_and_response.erb (8.7ms)
  Rendered /home/saasbook/.rvm/gems/ruby-1.9.3-p448/gems/actionpack-3.2.18/lib/action_dispatch/middleware/templates/rescues/template_error.erb within rescues/layout (40.6ms)


Started GET "/movies" for 127.0.0.1 at 2014-10-19 17:03:55 -0300
Processing by MoviesController#index as HTML
  [1m[36mMovie Load (0.6ms)[0m  [1mSELECT "movies".* FROM "movies" [0m
  Rendered movies/index.html.haml within layouts/application (1.8ms)
Completed 500 Internal Server Error in 25.5ms

ActionView::Template::Error (The line was indented 3 levels deeper than the previous line.):
    6:     %tr
    7:       %th 
    8: =link_to 'Movie Title', movies_path(:sort_by => :title), :id=> :title_header
    9:       %th Rating
    10:       %th Release Date
    11:       %th More Info
    12: 
  app/views/movies/index.html.haml:9


  Rendered /home/saasbook/.rvm/gems/ruby-1.9.3-p448/gems/actionpack-3.2.18/lib/action_dispatch/middleware/templates/rescues/_trace.erb (16.0ms)
  Rendered /home/saasbook/.rvm/gems/ruby-1.9.3-p448/gems/actionpack-3.2.18/lib/action_dispatch/middleware/templates/rescues/_request_and_response.erb (1.4ms)
  Rendered /home/saasbook/.rvm/gems/ruby-1.9.3-p448/gems/actionpack-3.2.18/lib/action_dispatch/middleware/templates/rescues/template_error.erb within rescues/layout (71.8ms)


Started GET "/movies" for 127.0.0.1 at 2014-10-19 17:03:58 -0300
Processing by MoviesController#index as HTML
  [1m[35mMovie Load (0.3ms)[0m  SELECT "movies".* FROM "movies" 
  Rendered movies/index.html.haml within layouts/application (7.5ms)
Completed 500 Internal Server Error in 42.1ms

ActionView::Template::Error (The line was indented 3 levels deeper than the previous line.):
    6:     %tr
    7:       %th 
    8: =link_to 'Movie Title', movies_path(:sort_by => :title), :id=> :title_header
    9:       %th Rating
    10:       %th Release Date
    11:       %th More Info
    12: 
  app/views/movies/index.html.haml:9


  Rendered /home/saasbook/.rvm/gems/ruby-1.9.3-p448/gems/actionpack-3.2.18/lib/action_dispatch/middleware/templates/rescues/_trace.erb (2.1ms)
  Rendered /home/saasbook/.rvm/gems/ruby-1.9.3-p448/gems/actionpack-3.2.18/lib/action_dispatch/middleware/templates/rescues/_request_and_response.erb (11.2ms)
  Rendered /home/saasbook/.rvm/gems/ruby-1.9.3-p448/gems/actionpack-3.2.18/lib/action_dispatch/middleware/templates/rescues/template_error.erb within rescues/layout (67.6ms)


Started GET "/movies" for 127.0.0.1 at 2014-10-19 17:04:34 -0300
Processing by MoviesController#index as HTML
  [1m[36mMovie Load (0.3ms)[0m  [1mSELECT "movies".* FROM "movies" [0m
  Rendered movies/index.html.haml within layouts/application (91.7ms)
Completed 500 Internal Server Error in 111.5ms

ActionView::Template::Error (Inconsistent indentation: 1 tab used for indentation, but the rest of the document was indented using 2 spaces.):
    5:   %thead
    6:     %tr
    7:       %th
    8: 	=link_to 'Movie Title', movies_path(:sort_by => :title), :id=> :title_header
    9:       %th Rating
    10:       %th Release Date
    11:       %th More Info
  app/views/movies/index.html.haml:8


  Rendered /home/saasbook/.rvm/gems/ruby-1.9.3-p448/gems/actionpack-3.2.18/lib/action_dispatch/middleware/templates/rescues/_trace.erb (10.2ms)
  Rendered /home/saasbook/.rvm/gems/ruby-1.9.3-p448/gems/actionpack-3.2.18/lib/action_dispatch/middleware/templates/rescues/_request_and_response.erb (1.4ms)
  Rendered /home/saasbook/.rvm/gems/ruby-1.9.3-p448/gems/actionpack-3.2.18/lib/action_dispatch/middleware/templates/rescues/template_error.erb within rescues/layout (36.6ms)


Started GET "/movies" for 127.0.0.1 at 2014-10-19 17:05:42 -0300
Processing by MoviesController#index as HTML
  [1m[35mMovie Load (0.4ms)[0m  SELECT "movies".* FROM "movies" 
  Rendered movies/index.html.haml within layouts/application (2.0ms)
Completed 500 Internal Server Error in 24.1ms

ActionView::Template::Error (The line was indented 2 levels deeper than the previous line.):
    6: 		%tr
    7: 			%th
    8: 	=link_to 'Movie Title', movies_path(:sort_by => :title), :id=> :title_head
    9: 			%th Rating
    10: 			%th Release Date
    11: 			%th More Info
    12: 
  app/views/movies/index.html.haml:9


  Rendered /home/saasbook/.rvm/gems/ruby-1.9.3-p448/gems/actionpack-3.2.18/lib/action_dispatch/middleware/templates/rescues/_trace.erb (2.1ms)
  Rendered /home/saasbook/.rvm/gems/ruby-1.9.3-p448/gems/actionpack-3.2.18/lib/action_dispatch/middleware/templates/rescues/_request_and_response.erb (1.4ms)
  Rendered /home/saasbook/.rvm/gems/ruby-1.9.3-p448/gems/actionpack-3.2.18/lib/action_dispatch/middleware/templates/rescues/template_error.erb within rescues/layout (54.0ms)


Started GET "/movies" for 127.0.0.1 at 2014-10-19 17:05:44 -0300
Processing by MoviesController#index as HTML
  [1m[36mMovie Load (0.4ms)[0m  [1mSELECT "movies".* FROM "movies" [0m
  Rendered movies/index.html.haml within layouts/application (17.5ms)
Completed 500 Internal Server Error in 46.7ms

ActionView::Template::Error (The line was indented 2 levels deeper than the previous line.):
    6: 		%tr
    7: 			%th
    8: 	=link_to 'Movie Title', movies_path(:sort_by => :title), :id=> :title_head
    9: 			%th Rating
    10: 			%th Release Date
    11: 			%th More Info
    12: 
  app/views/movies/index.html.haml:9


  Rendered /home/saasbook/.rvm/gems/ruby-1.9.3-p448/gems/actionpack-3.2.18/lib/action_dispatch/middleware/templates/rescues/_trace.erb (3.0ms)
  Rendered /home/saasbook/.rvm/gems/ruby-1.9.3-p448/gems/actionpack-3.2.18/lib/action_dispatch/middleware/templates/rescues/_request_and_response.erb (1.5ms)
  Rendered /home/saasbook/.rvm/gems/ruby-1.9.3-p448/gems/actionpack-3.2.18/lib/action_dispatch/middleware/templates/rescues/template_error.erb within rescues/layout (31.2ms)


Started GET "/movies" for 127.0.0.1 at 2014-10-19 17:05:58 -0300
Processing by MoviesController#index as HTML
  [1m[35mMovie Load (0.4ms)[0m  SELECT "movies".* FROM "movies" 
  Rendered movies/index.html.haml within layouts/application (11.7ms)
Completed 500 Internal Server Error in 47.8ms

ActionView::Template::Error (Inconsistent indentation: 2 spaces used for indentation, but the rest of the document was indented using 1 tab.):
    10: 			%th Release Date
    11: 			%th More Info
    12: 
    13:   %tbody
    14:     - @movies.each do |movie|
    15:       %tr
    16:         %td= movie.title 
  app/views/movies/index.html.haml:13


  Rendered /home/saasbook/.rvm/gems/ruby-1.9.3-p448/gems/actionpack-3.2.18/lib/action_dispatch/middleware/templates/rescues/_trace.erb (2.5ms)
  Rendered /home/saasbook/.rvm/gems/ruby-1.9.3-p448/gems/actionpack-3.2.18/lib/action_dispatch/middleware/templates/rescues/_request_and_response.erb (2.1ms)
  Rendered /home/saasbook/.rvm/gems/ruby-1.9.3-p448/gems/actionpack-3.2.18/lib/action_dispatch/middleware/templates/rescues/template_error.erb within rescues/layout (66.8ms)


Started GET "/movies" for 127.0.0.1 at 2014-10-19 17:08:15 -0300
Processing by MoviesController#index as HTML
  [1m[36mMovie Load (0.3ms)[0m  [1mSELECT "movies".* FROM "movies" [0m
  Rendered movies/index.html.haml within layouts/application (1.3ms)
Completed 500 Internal Server Error in 12.9ms

ActionView::Template::Error (Inconsistent indentation: 1 tab used for indentation, but the rest of the document was indented using 2 spaces.):
    5:   %thead
    6:     %tr
    7:       %th
    8: 	= link_to 'Movie Title', movies_path(:order_by => :title), :id => :title_header	
    9:       %th Rating
    10:       %th Release Date
    11:       %th More Info
  app/views/movies/index.html.haml:8


  Rendered /home/saasbook/.rvm/gems/ruby-1.9.3-p448/gems/actionpack-3.2.18/lib/action_dispatch/middleware/templates/rescues/_trace.erb (9.0ms)
  Rendered /home/saasbook/.rvm/gems/ruby-1.9.3-p448/gems/actionpack-3.2.18/lib/action_dispatch/middleware/templates/rescues/_request_and_response.erb (1.4ms)
  Rendered /home/saasbook/.rvm/gems/ruby-1.9.3-p448/gems/actionpack-3.2.18/lib/action_dispatch/middleware/templates/rescues/template_error.erb within rescues/layout (55.9ms)


Started GET "/movies" for 127.0.0.1 at 2014-10-19 17:08:19 -0300
Processing by MoviesController#index as HTML
  [1m[35mMovie Load (0.4ms)[0m  SELECT "movies".* FROM "movies" 
  Rendered movies/index.html.haml within layouts/application (1.1ms)
Completed 500 Internal Server Error in 20.5ms

ActionView::Template::Error (Inconsistent indentation: 1 tab used for indentation, but the rest of the document was indented using 2 spaces.):
    5:   %thead
    6:     %tr
    7:       %th
    8: 	= link_to 'Movie Title', movies_path(:order_by => :title), :id => :title_header	
    9:       %th Rating
    10:       %th Release Date
    11:       %th More Info
  app/views/movies/index.html.haml:8


  Rendered /home/saasbook/.rvm/gems/ruby-1.9.3-p448/gems/actionpack-3.2.18/lib/action_dispatch/middleware/templates/rescues/_trace.erb (2.0ms)
  Rendered /home/saasbook/.rvm/gems/ruby-1.9.3-p448/gems/actionpack-3.2.18/lib/action_dispatch/middleware/templates/rescues/_request_and_response.erb (3.6ms)
  Rendered /home/saasbook/.rvm/gems/ruby-1.9.3-p448/gems/actionpack-3.2.18/lib/action_dispatch/middleware/templates/rescues/template_error.erb within rescues/layout (76.5ms)


Started GET "/movies" for 127.0.0.1 at 2014-10-19 17:08:20 -0300
Processing by MoviesController#index as HTML
  [1m[36mMovie Load (3.8ms)[0m  [1mSELECT "movies".* FROM "movies" [0m
  Rendered movies/index.html.haml within layouts/application (11.4ms)
Completed 500 Internal Server Error in 20.1ms

ActionView::Template::Error (Inconsistent indentation: 1 tab used for indentation, but the rest of the document was indented using 2 spaces.):
    5:   %thead
    6:     %tr
    7:       %th
    8: 	= link_to 'Movie Title', movies_path(:order_by => :title), :id => :title_header	
    9:       %th Rating
    10:       %th Release Date
    11:       %th More Info
  app/views/movies/index.html.haml:8


  Rendered /home/saasbook/.rvm/gems/ruby-1.9.3-p448/gems/actionpack-3.2.18/lib/action_dispatch/middleware/templates/rescues/_trace.erb (8.1ms)
  Rendered /home/saasbook/.rvm/gems/ruby-1.9.3-p448/gems/actionpack-3.2.18/lib/action_dispatch/middleware/templates/rescues/_request_and_response.erb (4.6ms)
  Rendered /home/saasbook/.rvm/gems/ruby-1.9.3-p448/gems/actionpack-3.2.18/lib/action_dispatch/middleware/templates/rescues/template_error.erb within rescues/layout (54.4ms)


Started GET "/movies" for 127.0.0.1 at 2014-10-19 17:09:11 -0300
Processing by MoviesController#index as HTML
  [1m[35mMovie Load (0.4ms)[0m  SELECT "movies".* FROM "movies" 
  Rendered movies/index.html.haml within layouts/application (1.2ms)
Completed 500 Internal Server Error in 13.3ms

ActionView::Template::Error (Inconsistent indentation: 2 tabs used for indentation, but the rest of the document was indented using 2 spaces.):
    5:   %thead
    6:     %tr
    7:       %th
    8: 		= link_to 'Movie Title', movies_path(:order_by => :title), :id => :title_header	
    9:       %th Rating
    10:       %th Release Date
    11:       %th More Info
  app/views/movies/index.html.haml:8


  Rendered /home/saasbook/.rvm/gems/ruby-1.9.3-p448/gems/actionpack-3.2.18/lib/action_dispatch/middleware/templates/rescues/_trace.erb (3.9ms)
  Rendered /home/saasbook/.rvm/gems/ruby-1.9.3-p448/gems/actionpack-3.2.18/lib/action_dispatch/middleware/templates/rescues/_request_and_response.erb (1.5ms)
  Rendered /home/saasbook/.rvm/gems/ruby-1.9.3-p448/gems/actionpack-3.2.18/lib/action_dispatch/middleware/templates/rescues/template_error.erb within rescues/layout (55.7ms)


Started GET "/movies" for 127.0.0.1 at 2014-10-19 17:09:13 -0300
Processing by MoviesController#index as HTML
  [1m[36mMovie Load (0.4ms)[0m  [1mSELECT "movies".* FROM "movies" [0m
  Rendered movies/index.html.haml within layouts/application (1.2ms)
Completed 500 Internal Server Error in 23.1ms

ActionView::Template::Error (Inconsistent indentation: 2 tabs used for indentation, but the rest of the document was indented using 2 spaces.):
    5:   %thead
    6:     %tr
    7:       %th
    8: 		= link_to 'Movie Title', movies_path(:order_by => :title), :id => :title_header	
    9:       %th Rating
    10:       %th Release Date
    11:       %th More Info
  app/views/movies/index.html.haml:8


  Rendered /home/saasbook/.rvm/gems/ruby-1.9.3-p448/gems/actionpack-3.2.18/lib/action_dispatch/middleware/templates/rescues/_trace.erb (75.9ms)
  Rendered /home/saasbook/.rvm/gems/ruby-1.9.3-p448/gems/actionpack-3.2.18/lib/action_dispatch/middleware/templates/rescues/_request_and_response.erb (3.9ms)
  Rendered /home/saasbook/.rvm/gems/ruby-1.9.3-p448/gems/actionpack-3.2.18/lib/action_dispatch/middleware/templates/rescues/template_error.erb within rescues/layout (109.7ms)


Started GET "/movies" for 127.0.0.1 at 2014-10-19 17:09:27 -0300
Processing by MoviesController#index as HTML
  [1m[35mMovie Load (0.5ms)[0m  SELECT "movies".* FROM "movies" 
  Rendered movies/index.html.haml within layouts/application (7.8ms)
Completed 500 Internal Server Error in 38.0ms

ActionView::Template::Error (The line was indented 2 levels deeper than the previous line.):
    6:     %tr
    7:       %th
    8:   = link_to 'Movie Title', movies_path(:order_by => :title), :id => :title_header	
    9:       %th Rating
    10:       %th Release Date
    11:       %th More Info
    12:   %tbody
  app/views/movies/index.html.haml:9


  Rendered /home/saasbook/.rvm/gems/ruby-1.9.3-p448/gems/actionpack-3.2.18/lib/action_dispatch/middleware/templates/rescues/_trace.erb (2.9ms)
  Rendered /home/saasbook/.rvm/gems/ruby-1.9.3-p448/gems/actionpack-3.2.18/lib/action_dispatch/middleware/templates/rescues/_request_and_response.erb (1.4ms)
  Rendered /home/saasbook/.rvm/gems/ruby-1.9.3-p448/gems/actionpack-3.2.18/lib/action_dispatch/middleware/templates/rescues/template_error.erb within rescues/layout (48.0ms)


Started GET "/movies" for 127.0.0.1 at 2014-10-19 17:09:29 -0300
Processing by MoviesController#index as HTML
  [1m[36mMovie Load (0.3ms)[0m  [1mSELECT "movies".* FROM "movies" [0m
  Rendered movies/index.html.haml within layouts/application (3.5ms)
Completed 500 Internal Server Error in 28.5ms

ActionView::Template::Error (The line was indented 2 levels deeper than the previous line.):
    6:     %tr
    7:       %th
    8:   = link_to 'Movie Title', movies_path(:order_by => :title), :id => :title_header	
    9:       %th Rating
    10:       %th Release Date
    11:       %th More Info
    12:   %tbody
  app/views/movies/index.html.haml:9


  Rendered /home/saasbook/.rvm/gems/ruby-1.9.3-p448/gems/actionpack-3.2.18/lib/action_dispatch/middleware/templates/rescues/_trace.erb (13.3ms)
  Rendered /home/saasbook/.rvm/gems/ruby-1.9.3-p448/gems/actionpack-3.2.18/lib/action_dispatch/middleware/templates/rescues/_request_and_response.erb (2.0ms)
  Rendered /home/saasbook/.rvm/gems/ruby-1.9.3-p448/gems/actionpack-3.2.18/lib/action_dispatch/middleware/templates/rescues/template_error.erb within rescues/layout (81.9ms)


Started GET "/movies" for 127.0.0.1 at 2014-10-19 17:09:31 -0300
Processing by MoviesController#index as HTML
  [1m[35mMovie Load (0.4ms)[0m  SELECT "movies".* FROM "movies" 
  Rendered movies/index.html.haml within layouts/application (14.9ms)
Completed 500 Internal Server Error in 48.1ms

ActionView::Template::Error (The line was indented 2 levels deeper than the previous line.):
    6:     %tr
    7:       %th
    8:   = link_to 'Movie Title', movies_path(:order_by => :title), :id => :title_header	
    9:       %th Rating
    10:       %th Release Date
    11:       %th More Info
    12:   %tbody
  app/views/movies/index.html.haml:9


  Rendered /home/saasbook/.rvm/gems/ruby-1.9.3-p448/gems/actionpack-3.2.18/lib/action_dispatch/middleware/templates/rescues/_trace.erb (3.4ms)
  Rendered /home/saasbook/.rvm/gems/ruby-1.9.3-p448/gems/actionpack-3.2.18/lib/action_dispatch/middleware/templates/rescues/_request_and_response.erb (2.2ms)
  Rendered /home/saasbook/.rvm/gems/ruby-1.9.3-p448/gems/actionpack-3.2.18/lib/action_dispatch/middleware/templates/rescues/template_error.erb within rescues/layout (48.2ms)


Started GET "/movies" for 127.0.0.1 at 2014-10-19 17:09:48 -0300
Processing by MoviesController#index as HTML
  [1m[36mMovie Load (5.5ms)[0m  [1mSELECT "movies".* FROM "movies" [0m
  Rendered movies/index.html.haml within layouts/application (38.5ms)
Completed 200 OK in 75.1ms (Views: 67.7ms | ActiveRecord: 5.5ms)


Started GET "/assets/application.css?body=1" for 127.0.0.1 at 2014-10-19 17:09:48 -0300
Served asset /application.css - 304 Not Modified (0ms)


Started GET "/assets/jquery.js?body=1" for 127.0.0.1 at 2014-10-19 17:09:48 -0300
Served asset /jquery.js - 304 Not Modified (12ms)


Started GET "/assets/jquery_ujs.js?body=1" for 127.0.0.1 at 2014-10-19 17:09:48 -0300
Served asset /jquery_ujs.js - 304 Not Modified (0ms)


Started GET "/assets/application.js?body=1" for 127.0.0.1 at 2014-10-19 17:09:49 -0300
Served asset /application.js - 304 Not Modified (3ms)


Started GET "/movies" for 127.0.0.1 at 2014-10-19 17:11:17 -0300
Processing by MoviesController#index as HTML
  [1m[35mMovie Load (0.4ms)[0m  SELECT "movies".* FROM "movies" 
  Rendered movies/index.html.haml within layouts/application (15.4ms)
Completed 200 OK in 57.1ms (Views: 55.2ms | ActiveRecord: 0.4ms)


Started GET "/assets/application.css?body=1" for 127.0.0.1 at 2014-10-19 17:11:17 -0300
Served asset /application.css - 304 Not Modified (0ms)


Started GET "/assets/jquery.js?body=1" for 127.0.0.1 at 2014-10-19 17:11:17 -0300
Served asset /jquery.js - 304 Not Modified (39ms)


Started GET "/assets/jquery_ujs.js?body=1" for 127.0.0.1 at 2014-10-19 17:11:17 -0300
Served asset /jquery_ujs.js - 304 Not Modified (0ms)


Started GET "/assets/application.js?body=1" for 127.0.0.1 at 2014-10-19 17:11:17 -0300
Served asset /application.js - 304 Not Modified (25ms)


Started GET "/movies?order_by=title" for 127.0.0.1 at 2014-10-19 17:11:22 -0300
Processing by MoviesController#index as HTML
  Parameters: {"order_by"=>"title"}
  [1m[36mMovie Load (0.4ms)[0m  [1mSELECT "movies".* FROM "movies" [0m
  Rendered movies/index.html.haml within layouts/application (8.7ms)
Completed 200 OK in 39.4ms (Views: 31.4ms | ActiveRecord: 0.4ms)


Started GET "/assets/application.css?body=1" for 127.0.0.1 at 2014-10-19 17:11:22 -0300
Served asset /application.css - 304 Not Modified (6ms)


Started GET "/assets/jquery.js?body=1" for 127.0.0.1 at 2014-10-19 17:11:22 -0300
Served asset /jquery.js - 304 Not Modified (15ms)


Started GET "/assets/jquery_ujs.js?body=1" for 127.0.0.1 at 2014-10-19 17:11:22 -0300
Served asset /jquery_ujs.js - 304 Not Modified (0ms)


Started GET "/assets/application.js?body=1" for 127.0.0.1 at 2014-10-19 17:11:22 -0300
Served asset /application.js - 304 Not Modified (22ms)


Started GET "/movies?order_by=title" for 127.0.0.1 at 2014-10-19 17:11:30 -0300
Processing by MoviesController#index as HTML
  Parameters: {"order_by"=>"title"}
  [1m[35mMovie Load (0.4ms)[0m  SELECT "movies".* FROM "movies" 
  Rendered movies/index.html.haml within layouts/application (21.0ms)
Completed 200 OK in 49.6ms (Views: 47.6ms | ActiveRecord: 0.4ms)


Started GET "/assets/application.css?body=1" for 127.0.0.1 at 2014-10-19 17:11:30 -0300
Served asset /application.css - 304 Not Modified (3ms)


Started GET "/assets/jquery.js?body=1" for 127.0.0.1 at 2014-10-19 17:11:30 -0300
Served asset /jquery.js - 304 Not Modified (50ms)


Started GET "/assets/application.js?body=1" for 127.0.0.1 at 2014-10-19 17:11:30 -0300
Served asset /application.js - 304 Not Modified (20ms)


Started GET "/assets/jquery_ujs.js?body=1" for 127.0.0.1 at 2014-10-19 17:11:31 -0300
Served asset /jquery_ujs.js - 304 Not Modified (19ms)


Started GET "/movies" for 127.0.0.1 at 2014-10-19 17:11:37 -0300
Processing by MoviesController#index as HTML
  [1m[36mMovie Load (0.4ms)[0m  [1mSELECT "movies".* FROM "movies" [0m
  Rendered movies/index.html.haml within layouts/application (9.6ms)
Completed 200 OK in 56.3ms (Views: 54.0ms | ActiveRecord: 0.4ms)


Started GET "/assets/application.css?body=1" for 127.0.0.1 at 2014-10-19 17:11:37 -0300
Served asset /application.css - 304 Not Modified (15ms)


Started GET "/assets/jquery.js?body=1" for 127.0.0.1 at 2014-10-19 17:11:37 -0300
Served asset /jquery.js - 304 Not Modified (29ms)


Started GET "/assets/jquery_ujs.js?body=1" for 127.0.0.1 at 2014-10-19 17:11:38 -0300
Served asset /jquery_ujs.js - 304 Not Modified (0ms)


Started GET "/assets/application.js?body=1" for 127.0.0.1 at 2014-10-19 17:11:38 -0300
Served asset /application.js - 304 Not Modified (25ms)


Started GET "/movies" for 127.0.0.1 at 2014-10-19 17:13:30 -0300
Processing by MoviesController#index as HTML
  [1m[35mMovie Load (0.5ms)[0m  SELECT "movies".* FROM "movies" 
  Rendered movies/index.html.haml within layouts/application (42.1ms)
Completed 500 Internal Server Error in 102.6ms

ActionView::Template::Error (undefined local variable or method `release_date' for #<#<Class:0xb5108c94>:0xb5106fac>):
    8:         = link_to 'Movie Title', movies_path(:order_by => :title), :id => :title_header	
    9:       %th Rating
    10:       %th 
    11:         = link_to 'Release Date', movies_path(:order_by => release_date), :id => :release_date_header
    12:       %th More Info
    13:   %tbody
    14:     - @movies.each do |movie|
  app/views/movies/index.html.haml:11:in `_app_views_movies_index_html_haml__1048685571__628538118'


  Rendered /home/saasbook/.rvm/gems/ruby-1.9.3-p448/gems/actionpack-3.2.18/lib/action_dispatch/middleware/templates/rescues/_trace.erb (6.3ms)
  Rendered /home/saasbook/.rvm/gems/ruby-1.9.3-p448/gems/actionpack-3.2.18/lib/action_dispatch/middleware/templates/rescues/_request_and_response.erb (1.9ms)
  Rendered /home/saasbook/.rvm/gems/ruby-1.9.3-p448/gems/actionpack-3.2.18/lib/action_dispatch/middleware/templates/rescues/template_error.erb within rescues/layout (36.0ms)


Started GET "/movies" for 127.0.0.1 at 2014-10-19 17:14:08 -0300
Processing by MoviesController#index as HTML
  [1m[36mMovie Load (0.5ms)[0m  [1mSELECT "movies".* FROM "movies" [0m
  Rendered movies/index.html.haml within layouts/application (27.8ms)
Completed 200 OK in 56.1ms (Views: 54.0ms | ActiveRecord: 0.5ms)


Started GET "/assets/application.css?body=1" for 127.0.0.1 at 2014-10-19 17:14:09 -0300
Served asset /application.css - 304 Not Modified (0ms)


Started GET "/assets/jquery.js?body=1" for 127.0.0.1 at 2014-10-19 17:14:09 -0300
Served asset /jquery.js - 304 Not Modified (36ms)


Started GET "/assets/application.js?body=1" for 127.0.0.1 at 2014-10-19 17:14:09 -0300
Served asset /application.js - 304 Not Modified (27ms)


Started GET "/assets/jquery_ujs.js?body=1" for 127.0.0.1 at 2014-10-19 17:14:09 -0300
Served asset /jquery_ujs.js - 304 Not Modified (0ms)


Started GET "/movies" for 127.0.0.1 at 2014-10-19 17:16:37 -0300
Processing by MoviesController#index as HTML
Completed 500 Internal Server Error in 1.1ms

ArgumentError (wrong number of arguments (0 for 1)):
  app/models/movie.rb:4:in `movies'
  app/controllers/movies_controller.rb:10:in `index'


  Rendered /home/saasbook/.rvm/gems/ruby-1.9.3-p448/gems/actionpack-3.2.18/lib/action_dispatch/middleware/templates/rescues/_trace.erb (1.7ms)
  Rendered /home/saasbook/.rvm/gems/ruby-1.9.3-p448/gems/actionpack-3.2.18/lib/action_dispatch/middleware/templates/rescues/_request_and_response.erb (3.4ms)
  Rendered /home/saasbook/.rvm/gems/ruby-1.9.3-p448/gems/actionpack-3.2.18/lib/action_dispatch/middleware/templates/rescues/diagnostics.erb within rescues/layout (76.6ms)


Started GET "/movies" for 127.0.0.1 at 2014-10-19 17:18:45 -0300
Processing by MoviesController#index as HTML
Completed 500 Internal Server Error in 4.5ms

NameError (undefined local variable or method `sort_field' for #<Class:0xa5e49a8>):
  app/models/movie.rb:5:in `movies'
  app/controllers/movies_controller.rb:10:in `index'


  Rendered /home/saasbook/.rvm/gems/ruby-1.9.3-p448/gems/actionpack-3.2.18/lib/action_dispatch/middleware/templates/rescues/_trace.erb (10.2ms)
  Rendered /home/saasbook/.rvm/gems/ruby-1.9.3-p448/gems/actionpack-3.2.18/lib/action_dispatch/middleware/templates/rescues/_request_and_response.erb (1.3ms)
  Rendered /home/saasbook/.rvm/gems/ruby-1.9.3-p448/gems/actionpack-3.2.18/lib/action_dispatch/middleware/templates/rescues/diagnostics.erb within rescues/layout (52.9ms)


Started GET "/movies" for 127.0.0.1 at 2014-10-19 17:18:49 -0300
Processing by MoviesController#index as HTML
Completed 500 Internal Server Error in 0.8ms

NameError (undefined local variable or method `sort_field' for #<Class:0xa5e49a8>):
  app/models/movie.rb:5:in `movies'
  app/controllers/movies_controller.rb:10:in `index'


  Rendered /home/saasbook/.rvm/gems/ruby-1.9.3-p448/gems/actionpack-3.2.18/lib/action_dispatch/middleware/templates/rescues/_trace.erb (7.3ms)
  Rendered /home/saasbook/.rvm/gems/ruby-1.9.3-p448/gems/actionpack-3.2.18/lib/action_dispatch/middleware/templates/rescues/_request_and_response.erb (2.1ms)
  Rendered /home/saasbook/.rvm/gems/ruby-1.9.3-p448/gems/actionpack-3.2.18/lib/action_dispatch/middleware/templates/rescues/diagnostics.erb within rescues/layout (40.4ms)


Started GET "/movies" for 127.0.0.1 at 2014-10-19 17:18:50 -0300
Processing by MoviesController#index as HTML
Completed 500 Internal Server Error in 0.7ms

NameError (undefined local variable or method `sort_field' for #<Class:0xa5e49a8>):
  app/models/movie.rb:5:in `movies'
  app/controllers/movies_controller.rb:10:in `index'


  Rendered /home/saasbook/.rvm/gems/ruby-1.9.3-p448/gems/actionpack-3.2.18/lib/action_dispatch/middleware/templates/rescues/_trace.erb (5.1ms)
  Rendered /home/saasbook/.rvm/gems/ruby-1.9.3-p448/gems/actionpack-3.2.18/lib/action_dispatch/middleware/templates/rescues/_request_and_response.erb (2.6ms)
  Rendered /home/saasbook/.rvm/gems/ruby-1.9.3-p448/gems/actionpack-3.2.18/lib/action_dispatch/middleware/templates/rescues/diagnostics.erb within rescues/layout (52.7ms)


Started GET "/movies" for 127.0.0.1 at 2014-10-19 17:19:42 -0300
Processing by MoviesController#index as HTML
  [1m[35mMovie Load (0.4ms)[0m  SELECT "movies".* FROM "movies" 
  Rendered movies/index.html.haml within layouts/application (55.0ms)
Completed 200 OK in 72.6ms (Views: 61.8ms | ActiveRecord: 9.6ms)


Started GET "/assets/application.css?body=1" for 127.0.0.1 at 2014-10-19 17:19:43 -0300
Served asset /application.css - 304 Not Modified (6ms)


Started GET "/assets/application.js?body=1" for 127.0.0.1 at 2014-10-19 17:19:43 -0300
Served asset /application.js - 304 Not Modified (8ms)


Started GET "/assets/jquery.js?body=1" for 127.0.0.1 at 2014-10-19 17:19:43 -0300
Served asset /jquery.js - 304 Not Modified (18ms)


Started GET "/assets/jquery_ujs.js?body=1" for 127.0.0.1 at 2014-10-19 17:19:43 -0300
Served asset /jquery_ujs.js - 304 Not Modified (0ms)


Started GET "/movies?order_by=title" for 127.0.0.1 at 2014-10-19 17:19:45 -0300
Processing by MoviesController#index as HTML
  Parameters: {"order_by"=>"title"}
  [1m[36mMovie Load (0.6ms)[0m  [1mSELECT "movies".* FROM "movies" ORDER BY title[0m
  Rendered movies/index.html.haml within layouts/application (22.7ms)
Completed 200 OK in 59.3ms (Views: 58.1ms | ActiveRecord: 0.6ms)


Started GET "/assets/application.css?body=1" for 127.0.0.1 at 2014-10-19 17:19:46 -0300
Served asset /application.css - 304 Not Modified (4ms)


Started GET "/assets/jquery_ujs.js?body=1" for 127.0.0.1 at 2014-10-19 17:19:46 -0300
Served asset /jquery_ujs.js - 304 Not Modified (43ms)


Started GET "/assets/application.js?body=1" for 127.0.0.1 at 2014-10-19 17:19:46 -0300
Served asset /application.js - 304 Not Modified (29ms)


Started GET "/assets/jquery.js?body=1" for 127.0.0.1 at 2014-10-19 17:19:46 -0300
Served asset /jquery.js - 304 Not Modified (25ms)


Started GET "/movies?order_by=release_date" for 127.0.0.1 at 2014-10-19 17:19:58 -0300
Processing by MoviesController#index as HTML
  Parameters: {"order_by"=>"release_date"}
  [1m[35mMovie Load (0.5ms)[0m  SELECT "movies".* FROM "movies" ORDER BY release_date
  Rendered movies/index.html.haml within layouts/application (22.3ms)
Completed 200 OK in 51.4ms (Views: 50.5ms | ActiveRecord: 0.5ms)


Started GET "/assets/application.css?body=1" for 127.0.0.1 at 2014-10-19 17:19:59 -0300
Served asset /application.css - 304 Not Modified (12ms)


Started GET "/assets/application.js?body=1" for 127.0.0.1 at 2014-10-19 17:19:59 -0300
Served asset /application.js - 304 Not Modified (8ms)


Started GET "/assets/jquery.js?body=1" for 127.0.0.1 at 2014-10-19 17:19:59 -0300
Served asset /jquery.js - 304 Not Modified (35ms)


Started GET "/assets/jquery_ujs.js?body=1" for 127.0.0.1 at 2014-10-19 17:19:59 -0300
Served asset /jquery_ujs.js - 304 Not Modified (0ms)


Started GET "/movies?order_by=release_date" for 127.0.0.1 at 2014-10-19 17:22:33 -0300
Processing by MoviesController#index as HTML
  Parameters: {"order_by"=>"release_date"}
  Rendered movies/index.html.haml within layouts/application (10.1ms)
Completed 500 Internal Server Error in 13.6ms

ActionView::Template::Error (Illegal nesting: content can't be both given on the same line as %th and nested within it.):
    5:   %thead
    6:     %tr
    7:       %th {:class => (:hilite if params[:order_by] == 'title')}
    8:         = link_to 'Movie Title', movies_path(:order_by => :title), :id => :title_header	
    9:       %th Rating
    10:       %th 
    11:         = link_to 'Release Date', movies_path(:order_by => :release_date), :id => :release_date_header
  app/views/movies/index.html.haml:8


  Rendered /home/saasbook/.rvm/gems/ruby-1.9.3-p448/gems/actionpack-3.2.18/lib/action_dispatch/middleware/templates/rescues/_trace.erb (7.8ms)
  Rendered /home/saasbook/.rvm/gems/ruby-1.9.3-p448/gems/actionpack-3.2.18/lib/action_dispatch/middleware/templates/rescues/_request_and_response.erb (2.5ms)
  Rendered /home/saasbook/.rvm/gems/ruby-1.9.3-p448/gems/actionpack-3.2.18/lib/action_dispatch/middleware/templates/rescues/template_error.erb within rescues/layout (40.2ms)


Started GET "/movies?order_by=title" for 127.0.0.1 at 2014-10-19 17:23:00 -0300
Processing by MoviesController#index as HTML
  Parameters: {"order_by"=>"title"}
  Rendered movies/index.html.haml within layouts/application (1.3ms)
Completed 500 Internal Server Error in 14.8ms

ActionView::Template::Error (Illegal nesting: content can't be both given on the same line as %th and nested within it.):
    5:   %thead
    6:     %tr
    7:       %th {:class => (:hilite if params[:order_by] == 'title')}
    8:         = link_to 'Movie Title', movies_path(:order_by => :title), :id => :title_header	
    9:       %th Rating
    10:       %th 
    11:         = link_to 'Release Date', movies_path(:order_by => :release_date), :id => :release_date_header
  app/views/movies/index.html.haml:8


  Rendered /home/saasbook/.rvm/gems/ruby-1.9.3-p448/gems/actionpack-3.2.18/lib/action_dispatch/middleware/templates/rescues/_trace.erb (11.1ms)
  Rendered /home/saasbook/.rvm/gems/ruby-1.9.3-p448/gems/actionpack-3.2.18/lib/action_dispatch/middleware/templates/rescues/_request_and_response.erb (2.9ms)
  Rendered /home/saasbook/.rvm/gems/ruby-1.9.3-p448/gems/actionpack-3.2.18/lib/action_dispatch/middleware/templates/rescues/template_error.erb within rescues/layout (36.6ms)


Started GET "/movies?order_by=title" for 127.0.0.1 at 2014-10-19 17:23:54 -0300
Processing by MoviesController#index as HTML
  Parameters: {"order_by"=>"title"}
  [1m[36mMovie Load (0.5ms)[0m  [1mSELECT "movies".* FROM "movies" ORDER BY title[0m
  Rendered movies/index.html.haml within layouts/application (45.2ms)
Completed 200 OK in 79.1ms (Views: 73.4ms | ActiveRecord: 0.5ms)


Started GET "/assets/application.css?body=1" for 127.0.0.1 at 2014-10-19 17:23:55 -0300
Served asset /application.css - 304 Not Modified (6ms)


Started GET "/assets/jquery.js?body=1" for 127.0.0.1 at 2014-10-19 17:23:55 -0300
Served asset /jquery.js - 304 Not Modified (34ms)


Started GET "/assets/jquery_ujs.js?body=1" for 127.0.0.1 at 2014-10-19 17:23:55 -0300
Served asset /jquery_ujs.js - 304 Not Modified (15ms)


Started GET "/assets/application.js?body=1" for 127.0.0.1 at 2014-10-19 17:23:55 -0300
Served asset /application.js - 304 Not Modified (27ms)


Started GET "/movies?order_by=title" for 127.0.0.1 at 2014-10-19 17:23:58 -0300
Processing by MoviesController#index as HTML
  Parameters: {"order_by"=>"title"}
  [1m[35mMovie Load (0.4ms)[0m  SELECT "movies".* FROM "movies" ORDER BY title
  Rendered movies/index.html.haml within layouts/application (27.3ms)
Completed 200 OK in 55.4ms (Views: 54.5ms | ActiveRecord: 0.4ms)


Started GET "/assets/application.css?body=1" for 127.0.0.1 at 2014-10-19 17:23:58 -0300
Served asset /application.css - 304 Not Modified (4ms)


Started GET "/assets/jquery_ujs.js?body=1" for 127.0.0.1 at 2014-10-19 17:23:58 -0300
Served asset /jquery_ujs.js - 304 Not Modified (0ms)


Started GET "/assets/application.js?body=1" for 127.0.0.1 at 2014-10-19 17:23:58 -0300
Served asset /application.js - 304 Not Modified (18ms)


Started GET "/assets/jquery.js?body=1" for 127.0.0.1 at 2014-10-19 17:23:58 -0300
Served asset /jquery.js - 304 Not Modified (34ms)


Started GET "/movies?order_by=title" for 127.0.0.1 at 2014-10-19 17:24:02 -0300
Processing by MoviesController#index as HTML
  Parameters: {"order_by"=>"title"}
  [1m[36mMovie Load (0.4ms)[0m  [1mSELECT "movies".* FROM "movies" ORDER BY title[0m
  Rendered movies/index.html.haml within layouts/application (27.8ms)
Completed 200 OK in 51.7ms (Views: 50.7ms | ActiveRecord: 0.4ms)


Started GET "/assets/application.css?body=1" for 127.0.0.1 at 2014-10-19 17:24:02 -0300
Served asset /application.css - 304 Not Modified (0ms)


Started GET "/assets/jquery.js?body=1" for 127.0.0.1 at 2014-10-19 17:24:02 -0300
Served asset /jquery.js - 304 Not Modified (6ms)


Started GET "/assets/jquery_ujs.js?body=1" for 127.0.0.1 at 2014-10-19 17:24:02 -0300
Served asset /jquery_ujs.js - 304 Not Modified (0ms)


Started GET "/assets/application.js?body=1" for 127.0.0.1 at 2014-10-19 17:24:02 -0300
Served asset /application.js - 304 Not Modified (11ms)


Started GET "/movies?order_by=release_date" for 127.0.0.1 at 2014-10-19 17:24:03 -0300
Processing by MoviesController#index as HTML
  Parameters: {"order_by"=>"release_date"}
  [1m[35mMovie Load (0.5ms)[0m  SELECT "movies".* FROM "movies" ORDER BY release_date
  Rendered movies/index.html.haml within layouts/application (23.5ms)
Completed 200 OK in 35.6ms (Views: 34.7ms | ActiveRecord: 0.5ms)


Started GET "/assets/application.css?body=1" for 127.0.0.1 at 2014-10-19 17:24:04 -0300
Served asset /application.css - 304 Not Modified (10ms)


Started GET "/assets/jquery.js?body=1" for 127.0.0.1 at 2014-10-19 17:24:04 -0300
Served asset /jquery.js - 304 Not Modified (13ms)


Started GET "/assets/jquery_ujs.js?body=1" for 127.0.0.1 at 2014-10-19 17:24:04 -0300
Served asset /jquery_ujs.js - 304 Not Modified (0ms)


Started GET "/assets/application.js?body=1" for 127.0.0.1 at 2014-10-19 17:24:04 -0300
Served asset /application.js - 304 Not Modified (20ms)


Started GET "/movies?order_by=release_date" for 127.0.0.1 at 2014-10-19 17:24:05 -0300
Processing by MoviesController#index as HTML
  Parameters: {"order_by"=>"release_date"}
  [1m[36mMovie Load (0.7ms)[0m  [1mSELECT "movies".* FROM "movies" ORDER BY release_date[0m
  Rendered movies/index.html.haml within layouts/application (19.7ms)
Completed 200 OK in 69.8ms (Views: 68.1ms | ActiveRecord: 0.7ms)


Started GET "/assets/application.css?body=1" for 127.0.0.1 at 2014-10-19 17:24:05 -0300
Served asset /application.css - 304 Not Modified (17ms)


Started GET "/assets/jquery.js?body=1" for 127.0.0.1 at 2014-10-19 17:24:05 -0300
Served asset /jquery.js - 304 Not Modified (50ms)


Started GET "/assets/jquery_ujs.js?body=1" for 127.0.0.1 at 2014-10-19 17:24:06 -0300
Served asset /jquery_ujs.js - 304 Not Modified (0ms)


Started GET "/assets/application.js?body=1" for 127.0.0.1 at 2014-10-19 17:24:06 -0300
Served asset /application.js - 304 Not Modified (50ms)


Started GET "/movies?order_by=release_date" for 127.0.0.1 at 2014-10-19 17:24:08 -0300
Processing by MoviesController#index as HTML
  Parameters: {"order_by"=>"release_date"}
  [1m[35mMovie Load (0.5ms)[0m  SELECT "movies".* FROM "movies" ORDER BY release_date
  Rendered movies/index.html.haml within layouts/application (32.8ms)
Completed 200 OK in 65.8ms (Views: 64.7ms | ActiveRecord: 0.5ms)


Started GET "/assets/application.css?body=1" for 127.0.0.1 at 2014-10-19 17:24:08 -0300
Served asset /application.css - 304 Not Modified (5ms)


Started GET "/assets/application.js?body=1" for 127.0.0.1 at 2014-10-19 17:24:08 -0300
Served asset /application.js - 304 Not Modified (8ms)


Started GET "/assets/jquery_ujs.js?body=1" for 127.0.0.1 at 2014-10-19 17:24:08 -0300
Served asset /jquery_ujs.js - 304 Not Modified (0ms)


Started GET "/assets/jquery.js?body=1" for 127.0.0.1 at 2014-10-19 17:24:08 -0300
Served asset /jquery.js - 304 Not Modified (21ms)


Started GET "/movies?order_by=title" for 127.0.0.1 at 2014-10-19 17:24:10 -0300
Processing by MoviesController#index as HTML
  Parameters: {"order_by"=>"title"}
  [1m[36mMovie Load (0.5ms)[0m  [1mSELECT "movies".* FROM "movies" ORDER BY title[0m
  Rendered movies/index.html.haml within layouts/application (18.5ms)
Completed 200 OK in 51.2ms (Views: 50.4ms | ActiveRecord: 0.5ms)


Started GET "/assets/application.css?body=1" for 127.0.0.1 at 2014-10-19 17:24:10 -0300
Served asset /application.css - 304 Not Modified (5ms)


Started GET "/assets/application.js?body=1" for 127.0.0.1 at 2014-10-19 17:24:10 -0300
Served asset /application.js - 304 Not Modified (41ms)


Started GET "/assets/jquery_ujs.js?body=1" for 127.0.0.1 at 2014-10-19 17:24:10 -0300
Served asset /jquery_ujs.js - 304 Not Modified (6ms)


Started GET "/assets/jquery.js?body=1" for 127.0.0.1 at 2014-10-19 17:24:10 -0300
Served asset /jquery.js - 304 Not Modified (12ms)


Started GET "/movies?order_by=title" for 127.0.0.1 at 2014-10-19 17:25:00 -0300
Processing by MoviesController#index as HTML
  Parameters: {"order_by"=>"title"}
  [1m[35mMovie Load (7.4ms)[0m  SELECT "movies".* FROM "movies" ORDER BY title
  Rendered movies/index.html.haml within layouts/application (32.7ms)
Completed 200 OK in 63.4ms (Views: 55.2ms | ActiveRecord: 7.4ms)


Started GET "/assets/application.css?body=1" for 127.0.0.1 at 2014-10-19 17:25:00 -0300
Served asset /application.css - 304 Not Modified (0ms)


Started GET "/assets/jquery.js?body=1" for 127.0.0.1 at 2014-10-19 17:25:00 -0300
Served asset /jquery.js - 304 Not Modified (11ms)


Started GET "/assets/jquery_ujs.js?body=1" for 127.0.0.1 at 2014-10-19 17:25:00 -0300
Served asset /jquery_ujs.js - 304 Not Modified (0ms)


Started GET "/assets/application.js?body=1" for 127.0.0.1 at 2014-10-19 17:25:00 -0300
Served asset /application.js - 304 Not Modified (28ms)


Started GET "/movies?order_by=release_date" for 127.0.0.1 at 2014-10-19 17:25:02 -0300
Processing by MoviesController#index as HTML
  Parameters: {"order_by"=>"release_date"}
  [1m[36mMovie Load (0.5ms)[0m  [1mSELECT "movies".* FROM "movies" ORDER BY release_date[0m
  Rendered movies/index.html.haml within layouts/application (104.8ms)
Completed 200 OK in 160.6ms (Views: 159.7ms | ActiveRecord: 0.5ms)


Started GET "/assets/application.css?body=1" for 127.0.0.1 at 2014-10-19 17:25:03 -0300
Served asset /application.css - 304 Not Modified (4ms)


Started GET "/assets/jquery.js?body=1" for 127.0.0.1 at 2014-10-19 17:25:03 -0300
Served asset /jquery.js - 304 Not Modified (19ms)


Started GET "/assets/jquery_ujs.js?body=1" for 127.0.0.1 at 2014-10-19 17:25:03 -0300
Served asset /jquery_ujs.js - 304 Not Modified (0ms)


Started GET "/assets/application.js?body=1" for 127.0.0.1 at 2014-10-19 17:25:03 -0300
Served asset /application.js - 304 Not Modified (13ms)


Started GET "/movies?order_by=title" for 127.0.0.1 at 2014-10-19 17:25:04 -0300
Processing by MoviesController#index as HTML
  Parameters: {"order_by"=>"title"}
  [1m[35mMovie Load (0.5ms)[0m  SELECT "movies".* FROM "movies" ORDER BY title
  Rendered movies/index.html.haml within layouts/application (14.1ms)
Completed 200 OK in 38.4ms (Views: 37.5ms | ActiveRecord: 0.5ms)


Started GET "/assets/application.css?body=1" for 127.0.0.1 at 2014-10-19 17:25:04 -0300
Served asset /application.css - 304 Not Modified (11ms)


Started GET "/assets/jquery_ujs.js?body=1" for 127.0.0.1 at 2014-10-19 17:25:04 -0300
Served asset /jquery_ujs.js - 304 Not Modified (0ms)


Started GET "/assets/jquery.js?body=1" for 127.0.0.1 at 2014-10-19 17:25:04 -0300
Served asset /jquery.js - 304 Not Modified (18ms)


Started GET "/assets/application.js?body=1" for 127.0.0.1 at 2014-10-19 17:25:04 -0300
Served asset /application.js - 304 Not Modified (24ms)


Started GET "/movies?order_by=title" for 127.0.0.1 at 2014-10-19 17:25:07 -0300
Processing by MoviesController#index as HTML
  Parameters: {"order_by"=>"title"}
  [1m[36mMovie Load (0.4ms)[0m  [1mSELECT "movies".* FROM "movies" ORDER BY title[0m
  Rendered movies/index.html.haml within layouts/application (23.6ms)
Completed 200 OK in 54.9ms (Views: 54.0ms | ActiveRecord: 0.4ms)


Started GET "/assets/application.css?body=1" for 127.0.0.1 at 2014-10-19 17:25:07 -0300
Served asset /application.css - 304 Not Modified (0ms)


Started GET "/assets/jquery_ujs.js?body=1" for 127.0.0.1 at 2014-10-19 17:25:07 -0300
Served asset /jquery_ujs.js - 304 Not Modified (7ms)


Started GET "/assets/jquery.js?body=1" for 127.0.0.1 at 2014-10-19 17:25:07 -0300
Served asset /jquery.js - 304 Not Modified (10ms)


Started GET "/assets/application.js?body=1" for 127.0.0.1 at 2014-10-19 17:25:07 -0300
Served asset /application.js - 304 Not Modified (21ms)


Started GET "/movies?order_by=title" for 127.0.0.1 at 2014-10-19 18:10:34 -0300
Processing by MoviesController#index as HTML
  Parameters: {"order_by"=>"title"}
  [1m[35mMovie Load (0.6ms)[0m  SELECT "movies".* FROM "movies" ORDER BY title
  Rendered movies/index.html.haml within layouts/application (50.7ms)
Completed 200 OK in 90.0ms (Views: 88.7ms | ActiveRecord: 0.6ms)


Started GET "/assets/application.css?body=1" for 127.0.0.1 at 2014-10-19 18:10:35 -0300
Served asset /application.css - 304 Not Modified (0ms)


Started GET "/assets/jquery.js?body=1" for 127.0.0.1 at 2014-10-19 18:10:35 -0300
Served asset /jquery.js - 304 Not Modified (29ms)


Started GET "/assets/jquery_ujs.js?body=1" for 127.0.0.1 at 2014-10-19 18:10:35 -0300
Served asset /jquery_ujs.js - 304 Not Modified (26ms)


Started GET "/assets/application.js?body=1" for 127.0.0.1 at 2014-10-19 18:10:35 -0300
Served asset /application.js - 304 Not Modified (38ms)


Started GET "/movies?order_by=title" for 127.0.0.1 at 2014-10-19 18:10:37 -0300
Processing by MoviesController#index as HTML
  Parameters: {"order_by"=>"title"}
  [1m[36mMovie Load (0.8ms)[0m  [1mSELECT "movies".* FROM "movies" ORDER BY title[0m
  Rendered movies/index.html.haml within layouts/application (35.2ms)
Completed 200 OK in 64.5ms (Views: 61.7ms | ActiveRecord: 0.8ms)


Started GET "/assets/application.css?body=1" for 127.0.0.1 at 2014-10-19 18:10:38 -0300
Served asset /application.css - 304 Not Modified (19ms)


Started GET "/assets/jquery.js?body=1" for 127.0.0.1 at 2014-10-19 18:10:38 -0300
Served asset /jquery.js - 304 Not Modified (12ms)


Started GET "/assets/jquery_ujs.js?body=1" for 127.0.0.1 at 2014-10-19 18:10:38 -0300
Served asset /jquery_ujs.js - 304 Not Modified (0ms)


Started GET "/assets/application.js?body=1" for 127.0.0.1 at 2014-10-19 18:10:38 -0300
Served asset /application.js - 304 Not Modified (26ms)


Started GET "/movies?order_by=title" for 127.0.0.1 at 2014-10-19 18:10:40 -0300
Processing by MoviesController#index as HTML
  Parameters: {"order_by"=>"title"}
  [1m[35mMovie Load (5.2ms)[0m  SELECT "movies".* FROM "movies" ORDER BY title
  Rendered movies/index.html.haml within layouts/application (18.0ms)
Completed 200 OK in 54.0ms (Views: 48.3ms | ActiveRecord: 5.2ms)


Started GET "/assets/application.css?body=1" for 127.0.0.1 at 2014-10-19 18:10:41 -0300
Served asset /application.css - 304 Not Modified (6ms)


Started GET "/assets/application.js?body=1" for 127.0.0.1 at 2014-10-19 18:10:41 -0300
Served asset /application.js - 304 Not Modified (31ms)


Started GET "/assets/jquery.js?body=1" for 127.0.0.1 at 2014-10-19 18:10:41 -0300
Served asset /jquery.js - 304 Not Modified (11ms)


Started GET "/assets/jquery_ujs.js?body=1" for 127.0.0.1 at 2014-10-19 18:10:41 -0300
Served asset /jquery_ujs.js - 304 Not Modified (10ms)


Started GET "/movies?order_by=title" for 127.0.0.1 at 2014-10-19 18:11:22 -0300
Connecting to database specified by database.yml
Processing by MoviesController#index as HTML
  Parameters: {"order_by"=>"title"}
  [1m[36mMovie Load (0.8ms)[0m  [1mSELECT "movies".* FROM "movies" ORDER BY title[0m
  Rendered movies/index.html.haml within layouts/application (173.4ms)
Completed 200 OK in 900.4ms (Views: 416.6ms | ActiveRecord: 33.9ms)


Started GET "/assets/application.css?body=1" for 127.0.0.1 at 2014-10-19 18:11:27 -0300
Served asset /application.css - 304 Not Modified (16ms)


Started GET "/assets/jquery_ujs.js?body=1" for 127.0.0.1 at 2014-10-19 18:11:27 -0300
Served asset /jquery_ujs.js - 304 Not Modified (27ms)


Started GET "/assets/application.js?body=1" for 127.0.0.1 at 2014-10-19 18:11:28 -0300
Served asset /application.js - 304 Not Modified (72ms)


Started GET "/assets/jquery.js?body=1" for 127.0.0.1 at 2014-10-19 18:11:28 -0300
Served asset /jquery.js - 304 Not Modified (67ms)


Started GET "/movies?order_by=title" for 127.0.0.1 at 2014-10-19 18:11:34 -0300
Processing by MoviesController#index as HTML
  Parameters: {"order_by"=>"title"}
  [1m[35mMovie Load (14.7ms)[0m  SELECT "movies".* FROM "movies" ORDER BY title
  Rendered movies/index.html.haml within layouts/application (65.0ms)
Completed 200 OK in 161.2ms (Views: 145.3ms | ActiveRecord: 14.7ms)


Started GET "/assets/application.css?body=1" for 127.0.0.1 at 2014-10-19 18:11:34 -0300
Served asset /application.css - 304 Not Modified (4ms)


Started GET "/assets/application.js?body=1" for 127.0.0.1 at 2014-10-19 18:11:34 -0300
Served asset /application.js - 304 Not Modified (16ms)


Started GET "/assets/jquery_ujs.js?body=1" for 127.0.0.1 at 2014-10-19 18:11:34 -0300
Served asset /jquery_ujs.js - 304 Not Modified (10ms)


Started GET "/assets/jquery.js?body=1" for 127.0.0.1 at 2014-10-19 18:11:34 -0300
Served asset /jquery.js - 304 Not Modified (39ms)


Started GET "/movies?order_by=title" for 127.0.0.1 at 2014-10-19 18:14:47 -0300
Processing by MoviesController#index as HTML
  Parameters: {"order_by"=>"title"}
  [1m[36mMovie Load (8.8ms)[0m  [1mSELECT "movies".* FROM "movies" ORDER BY title[0m
  Rendered movies/index.html.haml within layouts/application (30.8ms)
Compiled application.css  (0ms)  (pid 10487)
Completed 200 OK in 106.0ms (Views: 96.7ms | ActiveRecord: 8.8ms)


Started GET "/movies?order_by=title" for 127.0.0.1 at 2014-10-19 18:14:51 -0300
Processing by MoviesController#index as HTML
  Parameters: {"order_by"=>"title"}
  [1m[35mMovie Load (0.6ms)[0m  SELECT "movies".* FROM "movies" ORDER BY title
  Rendered movies/index.html.haml within layouts/application (34.6ms)
Completed 200 OK in 68.3ms (Views: 67.1ms | ActiveRecord: 0.6ms)


Started GET "/assets/application.css?body=1" for 127.0.0.1 at 2014-10-19 18:14:52 -0300
Served asset /application.css - 200 OK (118ms)


Started GET "/assets/jquery.js?body=1" for 127.0.0.1 at 2014-10-19 18:14:52 -0300
Served asset /jquery.js - 304 Not Modified (12ms)


Started GET "/assets/jquery_ujs.js?body=1" for 127.0.0.1 at 2014-10-19 18:14:52 -0300
Served asset /jquery_ujs.js - 304 Not Modified (0ms)


Started GET "/assets/application.js?body=1" for 127.0.0.1 at 2014-10-19 18:14:52 -0300
Served asset /application.js - 304 Not Modified (21ms)


Started GET "/movies?order_by=release_date" for 127.0.0.1 at 2014-10-19 18:14:55 -0300
Processing by MoviesController#index as HTML
  Parameters: {"order_by"=>"release_date"}
  [1m[36mMovie Load (0.5ms)[0m  [1mSELECT "movies".* FROM "movies" ORDER BY release_date[0m
  Rendered movies/index.html.haml within layouts/application (30.3ms)
Completed 200 OK in 63.7ms (Views: 62.6ms | ActiveRecord: 0.5ms)


Started GET "/assets/application.css?body=1" for 127.0.0.1 at 2014-10-19 18:14:55 -0300
Served asset /application.css - 304 Not Modified (5ms)


Started GET "/assets/jquery_ujs.js?body=1" for 127.0.0.1 at 2014-10-19 18:14:55 -0300
Served asset /jquery_ujs.js - 304 Not Modified (0ms)


Started GET "/assets/application.js?body=1" for 127.0.0.1 at 2014-10-19 18:14:55 -0300
Served asset /application.js - 304 Not Modified (37ms)


Started GET "/assets/jquery.js?body=1" for 127.0.0.1 at 2014-10-19 18:14:55 -0300
Served asset /jquery.js - 304 Not Modified (36ms)


Started GET "/movies?order_by=release_date" for 127.0.0.1 at 2014-10-19 18:16:17 -0300
Processing by MoviesController#index as HTML
  Parameters: {"order_by"=>"release_date"}
  [1m[35mMovie Load (0.4ms)[0m  SELECT "movies".* FROM "movies" ORDER BY release_date
  Rendered movies/index.html.haml within layouts/application (23.5ms)
Compiled application.css  (0ms)  (pid 10487)
Completed 200 OK in 97.4ms (Views: 96.4ms | ActiveRecord: 0.4ms)


Started GET "/assets/application.css?body=1" for 127.0.0.1 at 2014-10-19 18:16:17 -0300
Served asset /application.css - 200 OK (40ms)


Started GET "/assets/application.js?body=1" for 127.0.0.1 at 2014-10-19 18:16:18 -0300
Served asset /application.js - 304 Not Modified (22ms)


Started GET "/assets/jquery_ujs.js?body=1" for 127.0.0.1 at 2014-10-19 18:16:18 -0300
Served asset /jquery_ujs.js - 304 Not Modified (8ms)


Started GET "/assets/jquery.js?body=1" for 127.0.0.1 at 2014-10-19 18:16:18 -0300
Served asset /jquery.js - 304 Not Modified (23ms)


Started GET "/movies?order_by=title" for 127.0.0.1 at 2014-10-19 18:16:28 -0300
Processing by MoviesController#index as HTML
  Parameters: {"order_by"=>"title"}
  [1m[36mMovie Load (6.2ms)[0m  [1mSELECT "movies".* FROM "movies" ORDER BY title[0m
  Rendered movies/index.html.haml within layouts/application (34.6ms)
Completed 200 OK in 46.4ms (Views: 39.7ms | ActiveRecord: 6.2ms)


Started GET "/assets/application.css?body=1" for 127.0.0.1 at 2014-10-19 18:16:29 -0300
Served asset /application.css - 304 Not Modified (14ms)


Started GET "/assets/jquery.js?body=1" for 127.0.0.1 at 2014-10-19 18:16:29 -0300
Served asset /jquery.js - 304 Not Modified (36ms)


Started GET "/assets/jquery_ujs.js?body=1" for 127.0.0.1 at 2014-10-19 18:16:29 -0300
Served asset /jquery_ujs.js - 304 Not Modified (9ms)


Started GET "/assets/application.js?body=1" for 127.0.0.1 at 2014-10-19 18:16:29 -0300
Served asset /application.js - 304 Not Modified (46ms)


Started GET "/movies?order_by=title" for 127.0.0.1 at 2014-10-19 18:17:54 -0300
Processing by MoviesController#index as HTML
  Parameters: {"order_by"=>"title"}
  [1m[35mMovie Load (0.4ms)[0m  SELECT "movies".* FROM "movies" ORDER BY title
  Rendered movies/index.html.haml within layouts/application (43.3ms)
Completed 200 OK in 81.1ms (Views: 80.3ms | ActiveRecord: 0.4ms)


Started GET "/assets/application.css?body=1" for 127.0.0.1 at 2014-10-19 18:17:54 -0300
Served asset /application.css - 304 Not Modified (0ms)


Started GET "/assets/jquery.js?body=1" for 127.0.0.1 at 2014-10-19 18:17:54 -0300
Served asset /jquery.js - 304 Not Modified (67ms)


Started GET "/assets/jquery_ujs.js?body=1" for 127.0.0.1 at 2014-10-19 18:17:54 -0300
Served asset /jquery_ujs.js - 304 Not Modified (0ms)


Started GET "/assets/application.js?body=1" for 127.0.0.1 at 2014-10-19 18:17:54 -0300
Served asset /application.js - 304 Not Modified (28ms)
